[2024-09-12T05:45:01.533+0000] {processor.py:161} INFO - Started process (PID=24077) to work on /opt/airflow/dags/dag_with_сron.py
[2024-09-12T05:45:01.539+0000] {processor.py:830} INFO - Processing file /opt/airflow/dags/dag_with_сron.py for tasks to queue
[2024-09-12T05:45:01.542+0000] {logging_mixin.py:188} INFO - [2024-09-12T05:45:01.542+0000] {dagbag.py:538} INFO - Filling up the DagBag from /opt/airflow/dags/dag_with_сron.py
[2024-09-12T05:45:01.654+0000] {processor.py:840} INFO - DAG(s) 'dag_with_cron_expr_v01' retrieved from /opt/airflow/dags/dag_with_сron.py
[2024-09-12T05:45:02.424+0000] {logging_mixin.py:188} INFO - [2024-09-12T05:45:02.423+0000] {override.py:1769} INFO - Created Permission View: can delete on DAG:dag_with_cron_expr_v01
[2024-09-12T05:45:02.444+0000] {logging_mixin.py:188} INFO - [2024-09-12T05:45:02.443+0000] {override.py:1769} INFO - Created Permission View: can edit on DAG:dag_with_cron_expr_v01
[2024-09-12T05:45:02.467+0000] {logging_mixin.py:188} INFO - [2024-09-12T05:45:02.466+0000] {override.py:1769} INFO - Created Permission View: can read on DAG:dag_with_cron_expr_v01
[2024-09-12T05:45:02.468+0000] {logging_mixin.py:188} INFO - [2024-09-12T05:45:02.468+0000] {dag.py:3036} INFO - Sync 1 DAGs
[2024-09-12T05:45:02.491+0000] {logging_mixin.py:188} INFO - [2024-09-12T05:45:02.491+0000] {dag.py:3058} INFO - Creating ORM DAG for dag_with_cron_expr_v01
[2024-09-12T05:45:02.512+0000] {logging_mixin.py:188} INFO - [2024-09-12T05:45:02.512+0000] {dag.py:3823} INFO - Setting next_dagrun for dag_with_cron_expr_v01 to 2024-09-12 00:00:00+00:00, run_after=2024-09-13 00:00:00+00:00
[2024-09-12T05:45:02.567+0000] {processor.py:183} INFO - Processing /opt/airflow/dags/dag_with_сron.py took 1.045 seconds
[2024-09-12T05:45:26.758+0000] {processor.py:161} INFO - Started process (PID=24088) to work on /opt/airflow/dags/dag_with_сron.py
[2024-09-12T05:45:26.759+0000] {processor.py:830} INFO - Processing file /opt/airflow/dags/dag_with_сron.py for tasks to queue
[2024-09-12T05:45:26.762+0000] {logging_mixin.py:188} INFO - [2024-09-12T05:45:26.761+0000] {dagbag.py:538} INFO - Filling up the DagBag from /opt/airflow/dags/dag_with_сron.py
[2024-09-12T05:45:26.821+0000] {processor.py:840} INFO - DAG(s) 'dag_with_cron_expr_v01' retrieved from /opt/airflow/dags/dag_with_сron.py
[2024-09-12T05:45:26.839+0000] {logging_mixin.py:188} INFO - [2024-09-12T05:45:26.839+0000] {dag.py:3036} INFO - Sync 1 DAGs
[2024-09-12T05:45:26.877+0000] {logging_mixin.py:188} INFO - [2024-09-12T05:45:26.876+0000] {dag.py:3823} INFO - Setting next_dagrun for dag_with_cron_expr_v01 to 2024-09-12 00:00:00+00:00, run_after=2024-09-13 00:00:00+00:00
[2024-09-12T05:45:26.929+0000] {processor.py:183} INFO - Processing /opt/airflow/dags/dag_with_сron.py took 0.176 seconds
[2024-09-12T05:45:57.626+0000] {processor.py:161} INFO - Started process (PID=24098) to work on /opt/airflow/dags/dag_with_сron.py
[2024-09-12T05:45:57.628+0000] {processor.py:830} INFO - Processing file /opt/airflow/dags/dag_with_сron.py for tasks to queue
[2024-09-12T05:45:57.632+0000] {logging_mixin.py:188} INFO - [2024-09-12T05:45:57.630+0000] {dagbag.py:538} INFO - Filling up the DagBag from /opt/airflow/dags/dag_with_сron.py
[2024-09-12T05:45:57.668+0000] {processor.py:840} INFO - DAG(s) 'dag_with_cron_expr_v01' retrieved from /opt/airflow/dags/dag_with_сron.py
[2024-09-12T05:45:57.718+0000] {logging_mixin.py:188} INFO - [2024-09-12T05:45:57.717+0000] {dag.py:3036} INFO - Sync 1 DAGs
[2024-09-12T05:45:57.761+0000] {logging_mixin.py:188} INFO - [2024-09-12T05:45:57.761+0000] {dag.py:3823} INFO - Setting next_dagrun for dag_with_cron_expr_v01 to 2024-09-12 00:00:00+00:00, run_after=2024-09-13 00:00:00+00:00
[2024-09-12T05:45:57.796+0000] {processor.py:183} INFO - Processing /opt/airflow/dags/dag_with_сron.py took 0.176 seconds
[2024-09-12T05:46:20.657+0000] {processor.py:161} INFO - Started process (PID=24108) to work on /opt/airflow/dags/dag_with_сron.py
[2024-09-12T05:46:20.659+0000] {processor.py:830} INFO - Processing file /opt/airflow/dags/dag_with_сron.py for tasks to queue
[2024-09-12T05:46:20.661+0000] {logging_mixin.py:188} INFO - [2024-09-12T05:46:20.661+0000] {dagbag.py:538} INFO - Filling up the DagBag from /opt/airflow/dags/dag_with_сron.py
[2024-09-12T05:46:20.719+0000] {processor.py:840} INFO - DAG(s) 'dag_with_cron_expr_v01' retrieved from /opt/airflow/dags/dag_with_сron.py
[2024-09-12T05:46:21.090+0000] {logging_mixin.py:188} INFO - [2024-09-12T05:46:21.090+0000] {dag.py:3036} INFO - Sync 1 DAGs
[2024-09-12T05:46:21.135+0000] {logging_mixin.py:188} INFO - [2024-09-12T05:46:21.134+0000] {dag.py:3823} INFO - Setting next_dagrun for dag_with_cron_expr_v01 to 2024-09-10 00:00:00+00:00, run_after=2024-09-11 00:00:00+00:00
[2024-09-12T05:46:21.178+0000] {processor.py:183} INFO - Processing /opt/airflow/dags/dag_with_сron.py took 0.528 seconds
[2024-09-12T05:46:51.476+0000] {processor.py:161} INFO - Started process (PID=24119) to work on /opt/airflow/dags/dag_with_сron.py
[2024-09-12T05:46:51.478+0000] {processor.py:830} INFO - Processing file /opt/airflow/dags/dag_with_сron.py for tasks to queue
[2024-09-12T05:46:51.481+0000] {logging_mixin.py:188} INFO - [2024-09-12T05:46:51.480+0000] {dagbag.py:538} INFO - Filling up the DagBag from /opt/airflow/dags/dag_with_сron.py
[2024-09-12T05:46:51.572+0000] {processor.py:840} INFO - DAG(s) 'dag_with_cron_expr_v01' retrieved from /opt/airflow/dags/dag_with_сron.py
[2024-09-12T05:46:51.678+0000] {logging_mixin.py:188} INFO - [2024-09-12T05:46:51.677+0000] {dag.py:3036} INFO - Sync 1 DAGs
[2024-09-12T05:46:51.779+0000] {logging_mixin.py:188} INFO - [2024-09-12T05:46:51.778+0000] {dag.py:3823} INFO - Setting next_dagrun for dag_with_cron_expr_v01 to 2024-09-10 00:00:00+00:00, run_after=2024-09-11 00:00:00+00:00
[2024-09-12T05:46:52.526+0000] {processor.py:183} INFO - Processing /opt/airflow/dags/dag_with_сron.py took 1.067 seconds
[2024-09-12T05:47:22.812+0000] {processor.py:161} INFO - Started process (PID=24134) to work on /opt/airflow/dags/dag_with_сron.py
[2024-09-12T05:47:22.815+0000] {processor.py:830} INFO - Processing file /opt/airflow/dags/dag_with_сron.py for tasks to queue
[2024-09-12T05:47:22.817+0000] {logging_mixin.py:188} INFO - [2024-09-12T05:47:22.816+0000] {dagbag.py:538} INFO - Filling up the DagBag from /opt/airflow/dags/dag_with_сron.py
[2024-09-12T05:47:22.849+0000] {processor.py:840} INFO - DAG(s) 'dag_with_cron_expr_v01' retrieved from /opt/airflow/dags/dag_with_сron.py
[2024-09-12T05:47:22.890+0000] {logging_mixin.py:188} INFO - [2024-09-12T05:47:22.890+0000] {dag.py:3036} INFO - Sync 1 DAGs
[2024-09-12T05:47:23.130+0000] {logging_mixin.py:188} INFO - [2024-09-12T05:47:23.129+0000] {dag.py:3823} INFO - Setting next_dagrun for dag_with_cron_expr_v01 to 2024-09-12 00:00:00+00:00, run_after=2024-09-13 00:00:00+00:00
[2024-09-12T05:47:23.162+0000] {processor.py:183} INFO - Processing /opt/airflow/dags/dag_with_сron.py took 0.355 seconds
[2024-09-12T05:47:54.055+0000] {processor.py:161} INFO - Started process (PID=24144) to work on /opt/airflow/dags/dag_with_сron.py
[2024-09-12T05:47:54.057+0000] {processor.py:830} INFO - Processing file /opt/airflow/dags/dag_with_сron.py for tasks to queue
[2024-09-12T05:47:54.059+0000] {logging_mixin.py:188} INFO - [2024-09-12T05:47:54.058+0000] {dagbag.py:538} INFO - Filling up the DagBag from /opt/airflow/dags/dag_with_сron.py
[2024-09-12T05:47:54.095+0000] {processor.py:840} INFO - DAG(s) 'dag_with_cron_expr_v01' retrieved from /opt/airflow/dags/dag_with_сron.py
[2024-09-12T05:47:54.370+0000] {logging_mixin.py:188} INFO - [2024-09-12T05:47:54.369+0000] {dag.py:3036} INFO - Sync 1 DAGs
[2024-09-12T05:47:54.405+0000] {logging_mixin.py:188} INFO - [2024-09-12T05:47:54.404+0000] {dag.py:3823} INFO - Setting next_dagrun for dag_with_cron_expr_v01 to 2024-09-12 00:00:00+00:00, run_after=2024-09-13 00:00:00+00:00
[2024-09-12T05:47:54.439+0000] {processor.py:183} INFO - Processing /opt/airflow/dags/dag_with_сron.py took 0.390 seconds
[2024-09-12T05:48:05.986+0000] {processor.py:161} INFO - Started process (PID=24152) to work on /opt/airflow/dags/dag_with_сron.py
[2024-09-12T05:48:05.988+0000] {processor.py:830} INFO - Processing file /opt/airflow/dags/dag_with_сron.py for tasks to queue
[2024-09-12T05:48:06.001+0000] {logging_mixin.py:188} INFO - [2024-09-12T05:48:06.001+0000] {dagbag.py:538} INFO - Filling up the DagBag from /opt/airflow/dags/dag_with_сron.py
[2024-09-12T05:48:06.589+0000] {processor.py:840} INFO - DAG(s) 'dag_with_cron_expr_v02' retrieved from /opt/airflow/dags/dag_with_сron.py
[2024-09-12T05:48:08.977+0000] {logging_mixin.py:188} INFO - [2024-09-12T05:48:08.975+0000] {override.py:1769} INFO - Created Permission View: can delete on DAG:dag_with_cron_expr_v02
[2024-09-12T05:48:09.058+0000] {logging_mixin.py:188} INFO - [2024-09-12T05:48:09.057+0000] {override.py:1769} INFO - Created Permission View: can edit on DAG:dag_with_cron_expr_v02
[2024-09-12T05:48:09.175+0000] {logging_mixin.py:188} INFO - [2024-09-12T05:48:09.174+0000] {override.py:1769} INFO - Created Permission View: can read on DAG:dag_with_cron_expr_v02
[2024-09-12T05:48:09.191+0000] {logging_mixin.py:188} INFO - [2024-09-12T05:48:09.189+0000] {dag.py:3036} INFO - Sync 1 DAGs
[2024-09-12T05:48:09.368+0000] {logging_mixin.py:188} INFO - [2024-09-12T05:48:09.355+0000] {dag.py:3058} INFO - Creating ORM DAG for dag_with_cron_expr_v02
[2024-09-12T05:48:09.481+0000] {logging_mixin.py:188} INFO - [2024-09-12T05:48:09.481+0000] {dag.py:3823} INFO - Setting next_dagrun for dag_with_cron_expr_v02 to 2024-09-10 00:00:00+00:00, run_after=2024-09-11 00:00:00+00:00
[2024-09-12T05:48:09.782+0000] {processor.py:183} INFO - Processing /opt/airflow/dags/dag_with_сron.py took 3.824 seconds
[2024-09-12T05:48:40.478+0000] {processor.py:161} INFO - Started process (PID=24164) to work on /opt/airflow/dags/dag_with_сron.py
[2024-09-12T05:48:40.481+0000] {processor.py:830} INFO - Processing file /opt/airflow/dags/dag_with_сron.py for tasks to queue
[2024-09-12T05:48:40.484+0000] {logging_mixin.py:188} INFO - [2024-09-12T05:48:40.483+0000] {dagbag.py:538} INFO - Filling up the DagBag from /opt/airflow/dags/dag_with_сron.py
[2024-09-12T05:48:40.519+0000] {processor.py:840} INFO - DAG(s) 'dag_with_cron_expr_v02' retrieved from /opt/airflow/dags/dag_with_сron.py
[2024-09-12T05:48:40.615+0000] {logging_mixin.py:188} INFO - [2024-09-12T05:48:40.614+0000] {dag.py:3036} INFO - Sync 1 DAGs
[2024-09-12T05:48:40.683+0000] {logging_mixin.py:188} INFO - [2024-09-12T05:48:40.683+0000] {dag.py:3823} INFO - Setting next_dagrun for dag_with_cron_expr_v02 to 2024-09-10 00:00:00+00:00, run_after=2024-09-11 00:00:00+00:00
[2024-09-12T05:48:40.730+0000] {processor.py:183} INFO - Processing /opt/airflow/dags/dag_with_сron.py took 0.257 seconds
[2024-09-12T05:48:44.973+0000] {processor.py:161} INFO - Started process (PID=24166) to work on /opt/airflow/dags/dag_with_сron.py
[2024-09-12T05:48:44.976+0000] {processor.py:830} INFO - Processing file /opt/airflow/dags/dag_with_сron.py for tasks to queue
[2024-09-12T05:48:44.983+0000] {logging_mixin.py:188} INFO - [2024-09-12T05:48:44.982+0000] {dagbag.py:538} INFO - Filling up the DagBag from /opt/airflow/dags/dag_with_сron.py
[2024-09-12T05:48:45.064+0000] {processor.py:840} INFO - DAG(s) 'dag_with_cron_expr_v02' retrieved from /opt/airflow/dags/dag_with_сron.py
[2024-09-12T05:48:45.139+0000] {logging_mixin.py:188} INFO - [2024-09-12T05:48:45.139+0000] {dag.py:3036} INFO - Sync 1 DAGs
[2024-09-12T05:48:45.200+0000] {logging_mixin.py:188} INFO - [2024-09-12T05:48:45.199+0000] {dag.py:3823} INFO - Setting next_dagrun for dag_with_cron_expr_v02 to 2024-09-10 00:00:00+00:00, run_after=2024-09-11 00:00:00+00:00
[2024-09-12T05:48:45.258+0000] {processor.py:183} INFO - Processing /opt/airflow/dags/dag_with_сron.py took 0.294 seconds
[2024-09-12T05:49:15.652+0000] {processor.py:161} INFO - Started process (PID=24181) to work on /opt/airflow/dags/dag_with_сron.py
[2024-09-12T05:49:15.654+0000] {processor.py:830} INFO - Processing file /opt/airflow/dags/dag_with_сron.py for tasks to queue
[2024-09-12T05:49:15.656+0000] {logging_mixin.py:188} INFO - [2024-09-12T05:49:15.656+0000] {dagbag.py:538} INFO - Filling up the DagBag from /opt/airflow/dags/dag_with_сron.py
[2024-09-12T05:49:15.703+0000] {processor.py:840} INFO - DAG(s) 'dag_with_cron_expr_v02' retrieved from /opt/airflow/dags/dag_with_сron.py
[2024-09-12T05:49:15.754+0000] {logging_mixin.py:188} INFO - [2024-09-12T05:49:15.754+0000] {dag.py:3036} INFO - Sync 1 DAGs
[2024-09-12T05:49:15.798+0000] {logging_mixin.py:188} INFO - [2024-09-12T05:49:15.798+0000] {dag.py:3823} INFO - Setting next_dagrun for dag_with_cron_expr_v02 to 2024-09-12 00:00:00+00:00, run_after=2024-09-13 00:00:00+00:00
[2024-09-12T05:49:15.858+0000] {processor.py:183} INFO - Processing /opt/airflow/dags/dag_with_сron.py took 0.211 seconds
[2024-09-12T05:49:46.754+0000] {processor.py:161} INFO - Started process (PID=24192) to work on /opt/airflow/dags/dag_with_сron.py
[2024-09-12T05:49:46.756+0000] {processor.py:830} INFO - Processing file /opt/airflow/dags/dag_with_сron.py for tasks to queue
[2024-09-12T05:49:46.759+0000] {logging_mixin.py:188} INFO - [2024-09-12T05:49:46.758+0000] {dagbag.py:538} INFO - Filling up the DagBag from /opt/airflow/dags/dag_with_сron.py
[2024-09-12T05:49:46.813+0000] {processor.py:840} INFO - DAG(s) 'dag_with_cron_expr_v02' retrieved from /opt/airflow/dags/dag_with_сron.py
[2024-09-12T05:49:46.906+0000] {logging_mixin.py:188} INFO - [2024-09-12T05:49:46.905+0000] {dag.py:3036} INFO - Sync 1 DAGs
[2024-09-12T05:49:46.958+0000] {logging_mixin.py:188} INFO - [2024-09-12T05:49:46.957+0000] {dag.py:3823} INFO - Setting next_dagrun for dag_with_cron_expr_v02 to 2024-09-12 00:00:00+00:00, run_after=2024-09-13 00:00:00+00:00
[2024-09-12T05:49:47.234+0000] {processor.py:183} INFO - Processing /opt/airflow/dags/dag_with_сron.py took 0.487 seconds
[2024-09-12T05:50:17.864+0000] {processor.py:161} INFO - Started process (PID=24203) to work on /opt/airflow/dags/dag_with_сron.py
[2024-09-12T05:50:17.867+0000] {processor.py:830} INFO - Processing file /opt/airflow/dags/dag_with_сron.py for tasks to queue
[2024-09-12T05:50:17.871+0000] {logging_mixin.py:188} INFO - [2024-09-12T05:50:17.869+0000] {dagbag.py:538} INFO - Filling up the DagBag from /opt/airflow/dags/dag_with_сron.py
[2024-09-12T05:50:17.946+0000] {processor.py:840} INFO - DAG(s) 'dag_with_cron_expr_v02' retrieved from /opt/airflow/dags/dag_with_сron.py
[2024-09-12T05:50:18.034+0000] {logging_mixin.py:188} INFO - [2024-09-12T05:50:18.033+0000] {dag.py:3036} INFO - Sync 1 DAGs
[2024-09-12T05:50:18.496+0000] {logging_mixin.py:188} INFO - [2024-09-12T05:50:18.496+0000] {dag.py:3823} INFO - Setting next_dagrun for dag_with_cron_expr_v02 to 2024-09-12 00:00:00+00:00, run_after=2024-09-13 00:00:00+00:00
[2024-09-12T05:50:18.578+0000] {processor.py:183} INFO - Processing /opt/airflow/dags/dag_with_сron.py took 0.722 seconds
[2024-09-12T05:50:48.937+0000] {processor.py:161} INFO - Started process (PID=24214) to work on /opt/airflow/dags/dag_with_сron.py
[2024-09-12T05:50:48.939+0000] {processor.py:830} INFO - Processing file /opt/airflow/dags/dag_with_сron.py for tasks to queue
[2024-09-12T05:50:48.941+0000] {logging_mixin.py:188} INFO - [2024-09-12T05:50:48.941+0000] {dagbag.py:538} INFO - Filling up the DagBag from /opt/airflow/dags/dag_with_сron.py
[2024-09-12T05:50:48.990+0000] {processor.py:840} INFO - DAG(s) 'dag_with_cron_expr_v02' retrieved from /opt/airflow/dags/dag_with_сron.py
[2024-09-12T05:50:49.053+0000] {logging_mixin.py:188} INFO - [2024-09-12T05:50:49.053+0000] {dag.py:3036} INFO - Sync 1 DAGs
[2024-09-12T05:50:49.122+0000] {logging_mixin.py:188} INFO - [2024-09-12T05:50:49.121+0000] {dag.py:3823} INFO - Setting next_dagrun for dag_with_cron_expr_v02 to 2024-09-12 00:00:00+00:00, run_after=2024-09-13 00:00:00+00:00
[2024-09-12T05:50:49.161+0000] {processor.py:183} INFO - Processing /opt/airflow/dags/dag_with_сron.py took 0.230 seconds
[2024-09-12T05:51:19.570+0000] {processor.py:161} INFO - Started process (PID=24225) to work on /opt/airflow/dags/dag_with_сron.py
[2024-09-12T05:51:19.572+0000] {processor.py:830} INFO - Processing file /opt/airflow/dags/dag_with_сron.py for tasks to queue
[2024-09-12T05:51:19.575+0000] {logging_mixin.py:188} INFO - [2024-09-12T05:51:19.575+0000] {dagbag.py:538} INFO - Filling up the DagBag from /opt/airflow/dags/dag_with_сron.py
[2024-09-12T05:51:19.629+0000] {processor.py:840} INFO - DAG(s) 'dag_with_cron_expr_v02' retrieved from /opt/airflow/dags/dag_with_сron.py
[2024-09-12T05:51:19.702+0000] {logging_mixin.py:188} INFO - [2024-09-12T05:51:19.702+0000] {dag.py:3036} INFO - Sync 1 DAGs
[2024-09-12T05:51:19.768+0000] {logging_mixin.py:188} INFO - [2024-09-12T05:51:19.768+0000] {dag.py:3823} INFO - Setting next_dagrun for dag_with_cron_expr_v02 to 2024-09-12 00:00:00+00:00, run_after=2024-09-13 00:00:00+00:00
[2024-09-12T05:51:19.824+0000] {processor.py:183} INFO - Processing /opt/airflow/dags/dag_with_сron.py took 0.264 seconds
[2024-09-12T05:51:50.598+0000] {processor.py:161} INFO - Started process (PID=24236) to work on /opt/airflow/dags/dag_with_сron.py
[2024-09-12T05:51:50.601+0000] {processor.py:830} INFO - Processing file /opt/airflow/dags/dag_with_сron.py for tasks to queue
[2024-09-12T05:51:50.609+0000] {logging_mixin.py:188} INFO - [2024-09-12T05:51:50.607+0000] {dagbag.py:538} INFO - Filling up the DagBag from /opt/airflow/dags/dag_with_сron.py
[2024-09-12T05:51:50.683+0000] {processor.py:840} INFO - DAG(s) 'dag_with_cron_expr_v02' retrieved from /opt/airflow/dags/dag_with_сron.py
[2024-09-12T05:51:50.805+0000] {logging_mixin.py:188} INFO - [2024-09-12T05:51:50.804+0000] {dag.py:3036} INFO - Sync 1 DAGs
[2024-09-12T05:51:50.897+0000] {logging_mixin.py:188} INFO - [2024-09-12T05:51:50.896+0000] {dag.py:3823} INFO - Setting next_dagrun for dag_with_cron_expr_v02 to 2024-09-12 00:00:00+00:00, run_after=2024-09-13 00:00:00+00:00
[2024-09-12T05:51:50.970+0000] {processor.py:183} INFO - Processing /opt/airflow/dags/dag_with_сron.py took 0.380 seconds
[2024-09-12T05:52:21.439+0000] {processor.py:161} INFO - Started process (PID=24247) to work on /opt/airflow/dags/dag_with_сron.py
[2024-09-12T05:52:21.441+0000] {processor.py:830} INFO - Processing file /opt/airflow/dags/dag_with_сron.py for tasks to queue
[2024-09-12T05:52:21.444+0000] {logging_mixin.py:188} INFO - [2024-09-12T05:52:21.442+0000] {dagbag.py:538} INFO - Filling up the DagBag from /opt/airflow/dags/dag_with_сron.py
[2024-09-12T05:52:21.500+0000] {processor.py:840} INFO - DAG(s) 'dag_with_cron_expr_v02' retrieved from /opt/airflow/dags/dag_with_сron.py
[2024-09-12T05:52:21.600+0000] {logging_mixin.py:188} INFO - [2024-09-12T05:52:21.598+0000] {dag.py:3036} INFO - Sync 1 DAGs
[2024-09-12T05:52:21.984+0000] {logging_mixin.py:188} INFO - [2024-09-12T05:52:21.981+0000] {dag.py:3823} INFO - Setting next_dagrun for dag_with_cron_expr_v02 to 2024-09-12 00:00:00+00:00, run_after=2024-09-13 00:00:00+00:00
[2024-09-12T05:52:22.039+0000] {processor.py:183} INFO - Processing /opt/airflow/dags/dag_with_сron.py took 0.610 seconds
[2024-09-12T05:52:52.220+0000] {processor.py:161} INFO - Started process (PID=24258) to work on /opt/airflow/dags/dag_with_сron.py
[2024-09-12T05:52:52.223+0000] {processor.py:830} INFO - Processing file /opt/airflow/dags/dag_with_сron.py for tasks to queue
[2024-09-12T05:52:52.226+0000] {logging_mixin.py:188} INFO - [2024-09-12T05:52:52.226+0000] {dagbag.py:538} INFO - Filling up the DagBag from /opt/airflow/dags/dag_with_сron.py
[2024-09-12T05:52:52.290+0000] {processor.py:840} INFO - DAG(s) 'dag_with_cron_expr_v02' retrieved from /opt/airflow/dags/dag_with_сron.py
[2024-09-12T05:52:52.364+0000] {logging_mixin.py:188} INFO - [2024-09-12T05:52:52.363+0000] {dag.py:3036} INFO - Sync 1 DAGs
[2024-09-12T05:52:52.773+0000] {logging_mixin.py:188} INFO - [2024-09-12T05:52:52.772+0000] {dag.py:3823} INFO - Setting next_dagrun for dag_with_cron_expr_v02 to 2024-09-12 00:00:00+00:00, run_after=2024-09-13 00:00:00+00:00
[2024-09-12T05:52:52.814+0000] {processor.py:183} INFO - Processing /opt/airflow/dags/dag_with_сron.py took 0.601 seconds
[2024-09-12T05:53:23.063+0000] {processor.py:161} INFO - Started process (PID=24269) to work on /opt/airflow/dags/dag_with_сron.py
[2024-09-12T05:53:23.065+0000] {processor.py:830} INFO - Processing file /opt/airflow/dags/dag_with_сron.py for tasks to queue
[2024-09-12T05:53:23.069+0000] {logging_mixin.py:188} INFO - [2024-09-12T05:53:23.069+0000] {dagbag.py:538} INFO - Filling up the DagBag from /opt/airflow/dags/dag_with_сron.py
[2024-09-12T05:53:23.117+0000] {processor.py:840} INFO - DAG(s) 'dag_with_cron_expr_v02' retrieved from /opt/airflow/dags/dag_with_сron.py
[2024-09-12T05:53:23.444+0000] {logging_mixin.py:188} INFO - [2024-09-12T05:53:23.444+0000] {dag.py:3036} INFO - Sync 1 DAGs
[2024-09-12T05:53:23.513+0000] {logging_mixin.py:188} INFO - [2024-09-12T05:53:23.512+0000] {dag.py:3823} INFO - Setting next_dagrun for dag_with_cron_expr_v02 to 2024-09-12 00:00:00+00:00, run_after=2024-09-13 00:00:00+00:00
[2024-09-12T05:53:23.569+0000] {processor.py:183} INFO - Processing /opt/airflow/dags/dag_with_сron.py took 0.516 seconds
[2024-09-12T05:53:42.939+0000] {processor.py:161} INFO - Started process (PID=24281) to work on /opt/airflow/dags/dag_with_сron.py
[2024-09-12T05:53:42.941+0000] {processor.py:830} INFO - Processing file /opt/airflow/dags/dag_with_сron.py for tasks to queue
[2024-09-12T05:53:42.944+0000] {logging_mixin.py:188} INFO - [2024-09-12T05:53:42.943+0000] {dagbag.py:538} INFO - Filling up the DagBag from /opt/airflow/dags/dag_with_сron.py
[2024-09-12T05:53:43.014+0000] {processor.py:840} INFO - DAG(s) 'dag_with_cron_expr_v03' retrieved from /opt/airflow/dags/dag_with_сron.py
[2024-09-12T05:53:43.588+0000] {logging_mixin.py:188} INFO - [2024-09-12T05:53:43.584+0000] {override.py:1769} INFO - Created Permission View: can delete on DAG:dag_with_cron_expr_v03
[2024-09-12T05:53:43.686+0000] {logging_mixin.py:188} INFO - [2024-09-12T05:53:43.683+0000] {override.py:1769} INFO - Created Permission View: can edit on DAG:dag_with_cron_expr_v03
[2024-09-12T05:53:43.772+0000] {logging_mixin.py:188} INFO - [2024-09-12T05:53:43.768+0000] {override.py:1769} INFO - Created Permission View: can read on DAG:dag_with_cron_expr_v03
[2024-09-12T05:53:43.787+0000] {logging_mixin.py:188} INFO - [2024-09-12T05:53:43.785+0000] {dag.py:3036} INFO - Sync 1 DAGs
[2024-09-12T05:53:43.894+0000] {logging_mixin.py:188} INFO - [2024-09-12T05:53:43.894+0000] {dag.py:3058} INFO - Creating ORM DAG for dag_with_cron_expr_v03
[2024-09-12T05:53:44.013+0000] {logging_mixin.py:188} INFO - [2024-09-12T05:53:44.012+0000] {dag.py:3823} INFO - Setting next_dagrun for dag_with_cron_expr_v03 to 2024-09-10 03:00:00+00:00, run_after=2024-09-17 03:00:00+00:00
[2024-09-12T05:53:44.196+0000] {processor.py:183} INFO - Processing /opt/airflow/dags/dag_with_сron.py took 1.267 seconds
[2024-09-12T05:54:15.158+0000] {processor.py:161} INFO - Started process (PID=24292) to work on /opt/airflow/dags/dag_with_сron.py
[2024-09-12T05:54:15.160+0000] {processor.py:830} INFO - Processing file /opt/airflow/dags/dag_with_сron.py for tasks to queue
[2024-09-12T05:54:15.171+0000] {logging_mixin.py:188} INFO - [2024-09-12T05:54:15.162+0000] {dagbag.py:538} INFO - Filling up the DagBag from /opt/airflow/dags/dag_with_сron.py
[2024-09-12T05:54:15.327+0000] {processor.py:840} INFO - DAG(s) 'dag_with_cron_expr_v03' retrieved from /opt/airflow/dags/dag_with_сron.py
[2024-09-12T05:54:15.387+0000] {logging_mixin.py:188} INFO - [2024-09-12T05:54:15.386+0000] {dag.py:3036} INFO - Sync 1 DAGs
[2024-09-12T05:54:15.434+0000] {logging_mixin.py:188} INFO - [2024-09-12T05:54:15.433+0000] {dag.py:3823} INFO - Setting next_dagrun for dag_with_cron_expr_v03 to 2024-09-10 03:00:00+00:00, run_after=2024-09-17 03:00:00+00:00
[2024-09-12T05:54:15.479+0000] {processor.py:183} INFO - Processing /opt/airflow/dags/dag_with_сron.py took 0.327 seconds
[2024-09-12T05:54:46.338+0000] {processor.py:161} INFO - Started process (PID=24303) to work on /opt/airflow/dags/dag_with_сron.py
[2024-09-12T05:54:46.340+0000] {processor.py:830} INFO - Processing file /opt/airflow/dags/dag_with_сron.py for tasks to queue
[2024-09-12T05:54:46.342+0000] {logging_mixin.py:188} INFO - [2024-09-12T05:54:46.341+0000] {dagbag.py:538} INFO - Filling up the DagBag from /opt/airflow/dags/dag_with_сron.py
[2024-09-12T05:54:46.377+0000] {processor.py:840} INFO - DAG(s) 'dag_with_cron_expr_v03' retrieved from /opt/airflow/dags/dag_with_сron.py
[2024-09-12T05:54:46.442+0000] {logging_mixin.py:188} INFO - [2024-09-12T05:54:46.441+0000] {dag.py:3036} INFO - Sync 1 DAGs
[2024-09-12T05:54:46.496+0000] {logging_mixin.py:188} INFO - [2024-09-12T05:54:46.495+0000] {dag.py:3823} INFO - Setting next_dagrun for dag_with_cron_expr_v03 to 2024-09-10 03:00:00+00:00, run_after=2024-09-17 03:00:00+00:00
[2024-09-12T05:54:46.546+0000] {processor.py:183} INFO - Processing /opt/airflow/dags/dag_with_сron.py took 0.216 seconds
[2024-09-12T05:55:16.695+0000] {processor.py:161} INFO - Started process (PID=24314) to work on /opt/airflow/dags/dag_with_сron.py
[2024-09-12T05:55:16.697+0000] {processor.py:830} INFO - Processing file /opt/airflow/dags/dag_with_сron.py for tasks to queue
[2024-09-12T05:55:16.703+0000] {logging_mixin.py:188} INFO - [2024-09-12T05:55:16.702+0000] {dagbag.py:538} INFO - Filling up the DagBag from /opt/airflow/dags/dag_with_сron.py
[2024-09-12T05:55:16.748+0000] {processor.py:840} INFO - DAG(s) 'dag_with_cron_expr_v03' retrieved from /opt/airflow/dags/dag_with_сron.py
[2024-09-12T05:55:16.806+0000] {logging_mixin.py:188} INFO - [2024-09-12T05:55:16.806+0000] {dag.py:3036} INFO - Sync 1 DAGs
[2024-09-12T05:55:17.040+0000] {logging_mixin.py:188} INFO - [2024-09-12T05:55:17.039+0000] {dag.py:3823} INFO - Setting next_dagrun for dag_with_cron_expr_v03 to 2024-09-10 03:00:00+00:00, run_after=2024-09-17 03:00:00+00:00
[2024-09-12T05:55:17.078+0000] {processor.py:183} INFO - Processing /opt/airflow/dags/dag_with_сron.py took 0.390 seconds
[2024-09-12T05:55:47.405+0000] {processor.py:161} INFO - Started process (PID=24325) to work on /opt/airflow/dags/dag_with_сron.py
[2024-09-12T05:55:47.407+0000] {processor.py:830} INFO - Processing file /opt/airflow/dags/dag_with_сron.py for tasks to queue
[2024-09-12T05:55:47.408+0000] {logging_mixin.py:188} INFO - [2024-09-12T05:55:47.408+0000] {dagbag.py:538} INFO - Filling up the DagBag from /opt/airflow/dags/dag_with_сron.py
[2024-09-12T05:55:47.455+0000] {processor.py:840} INFO - DAG(s) 'dag_with_cron_expr_v03' retrieved from /opt/airflow/dags/dag_with_сron.py
[2024-09-12T05:55:47.698+0000] {logging_mixin.py:188} INFO - [2024-09-12T05:55:47.697+0000] {dag.py:3036} INFO - Sync 1 DAGs
[2024-09-12T05:55:47.746+0000] {logging_mixin.py:188} INFO - [2024-09-12T05:55:47.746+0000] {dag.py:3823} INFO - Setting next_dagrun for dag_with_cron_expr_v03 to 2024-09-10 03:00:00+00:00, run_after=2024-09-17 03:00:00+00:00
[2024-09-12T05:55:47.782+0000] {processor.py:183} INFO - Processing /opt/airflow/dags/dag_with_сron.py took 0.381 seconds
[2024-09-12T05:56:17.973+0000] {processor.py:161} INFO - Started process (PID=24336) to work on /opt/airflow/dags/dag_with_сron.py
[2024-09-12T05:56:17.975+0000] {processor.py:830} INFO - Processing file /opt/airflow/dags/dag_with_сron.py for tasks to queue
[2024-09-12T05:56:17.977+0000] {logging_mixin.py:188} INFO - [2024-09-12T05:56:17.976+0000] {dagbag.py:538} INFO - Filling up the DagBag from /opt/airflow/dags/dag_with_сron.py
[2024-09-12T05:56:18.017+0000] {processor.py:840} INFO - DAG(s) 'dag_with_cron_expr_v03' retrieved from /opt/airflow/dags/dag_with_сron.py
[2024-09-12T05:56:18.075+0000] {logging_mixin.py:188} INFO - [2024-09-12T05:56:18.074+0000] {dag.py:3036} INFO - Sync 1 DAGs
[2024-09-12T05:56:18.136+0000] {logging_mixin.py:188} INFO - [2024-09-12T05:56:18.133+0000] {dag.py:3823} INFO - Setting next_dagrun for dag_with_cron_expr_v03 to 2024-09-10 03:00:00+00:00, run_after=2024-09-17 03:00:00+00:00
[2024-09-12T05:56:18.195+0000] {processor.py:183} INFO - Processing /opt/airflow/dags/dag_with_сron.py took 0.228 seconds
[2024-09-12T05:56:35.009+0000] {processor.py:161} INFO - Started process (PID=24340) to work on /opt/airflow/dags/dag_with_сron.py
[2024-09-12T05:56:35.012+0000] {processor.py:830} INFO - Processing file /opt/airflow/dags/dag_with_сron.py for tasks to queue
[2024-09-12T05:56:35.019+0000] {logging_mixin.py:188} INFO - [2024-09-12T05:56:35.018+0000] {dagbag.py:538} INFO - Filling up the DagBag from /opt/airflow/dags/dag_with_сron.py
[2024-09-12T05:56:35.150+0000] {processor.py:840} INFO - DAG(s) 'dag_with_cron_expr_v04' retrieved from /opt/airflow/dags/dag_with_сron.py
[2024-09-12T05:56:36.881+0000] {logging_mixin.py:188} INFO - [2024-09-12T05:56:36.879+0000] {override.py:1769} INFO - Created Permission View: can delete on DAG:dag_with_cron_expr_v04
[2024-09-12T05:56:37.089+0000] {logging_mixin.py:188} INFO - [2024-09-12T05:56:37.088+0000] {override.py:1769} INFO - Created Permission View: can edit on DAG:dag_with_cron_expr_v04
[2024-09-12T05:56:37.308+0000] {logging_mixin.py:188} INFO - [2024-09-12T05:56:37.299+0000] {override.py:1769} INFO - Created Permission View: can read on DAG:dag_with_cron_expr_v04
[2024-09-12T05:56:37.329+0000] {logging_mixin.py:188} INFO - [2024-09-12T05:56:37.328+0000] {dag.py:3036} INFO - Sync 1 DAGs
[2024-09-12T05:56:37.602+0000] {logging_mixin.py:188} INFO - [2024-09-12T05:56:37.576+0000] {dag.py:3058} INFO - Creating ORM DAG for dag_with_cron_expr_v04
[2024-09-12T05:56:38.010+0000] {logging_mixin.py:188} INFO - [2024-09-12T05:56:38.009+0000] {dag.py:3823} INFO - Setting next_dagrun for dag_with_cron_expr_v04 to 2024-09-10 03:00:00+00:00, run_after=2024-09-11 03:00:00+00:00
[2024-09-12T05:56:38.205+0000] {processor.py:183} INFO - Processing /opt/airflow/dags/dag_with_сron.py took 3.209 seconds
[2024-09-12T05:57:08.893+0000] {processor.py:161} INFO - Started process (PID=24360) to work on /opt/airflow/dags/dag_with_сron.py
[2024-09-12T05:57:08.895+0000] {processor.py:830} INFO - Processing file /opt/airflow/dags/dag_with_сron.py for tasks to queue
[2024-09-12T05:57:08.897+0000] {logging_mixin.py:188} INFO - [2024-09-12T05:57:08.897+0000] {dagbag.py:538} INFO - Filling up the DagBag from /opt/airflow/dags/dag_with_сron.py
[2024-09-12T05:57:08.954+0000] {processor.py:840} INFO - DAG(s) 'dag_with_cron_expr_v04' retrieved from /opt/airflow/dags/dag_with_сron.py
[2024-09-12T05:57:09.030+0000] {logging_mixin.py:188} INFO - [2024-09-12T05:57:09.029+0000] {dag.py:3036} INFO - Sync 1 DAGs
[2024-09-12T05:57:09.111+0000] {logging_mixin.py:188} INFO - [2024-09-12T05:57:09.110+0000] {dag.py:3823} INFO - Setting next_dagrun for dag_with_cron_expr_v04 to 2024-09-12 03:00:00+00:00, run_after=2024-09-17 03:00:00+00:00
[2024-09-12T05:57:09.192+0000] {processor.py:183} INFO - Processing /opt/airflow/dags/dag_with_сron.py took 0.311 seconds
[2024-09-12T05:57:39.391+0000] {processor.py:161} INFO - Started process (PID=24371) to work on /opt/airflow/dags/dag_with_сron.py
[2024-09-12T05:57:39.393+0000] {processor.py:830} INFO - Processing file /opt/airflow/dags/dag_with_сron.py for tasks to queue
[2024-09-12T05:57:39.395+0000] {logging_mixin.py:188} INFO - [2024-09-12T05:57:39.394+0000] {dagbag.py:538} INFO - Filling up the DagBag from /opt/airflow/dags/dag_with_сron.py
[2024-09-12T05:57:39.427+0000] {processor.py:840} INFO - DAG(s) 'dag_with_cron_expr_v04' retrieved from /opt/airflow/dags/dag_with_сron.py
[2024-09-12T05:57:39.470+0000] {logging_mixin.py:188} INFO - [2024-09-12T05:57:39.470+0000] {dag.py:3036} INFO - Sync 1 DAGs
[2024-09-12T05:57:39.509+0000] {logging_mixin.py:188} INFO - [2024-09-12T05:57:39.509+0000] {dag.py:3823} INFO - Setting next_dagrun for dag_with_cron_expr_v04 to 2024-09-12 03:00:00+00:00, run_after=2024-09-17 03:00:00+00:00
[2024-09-12T05:57:39.731+0000] {processor.py:183} INFO - Processing /opt/airflow/dags/dag_with_сron.py took 0.344 seconds
[2024-09-12T05:58:10.132+0000] {processor.py:161} INFO - Started process (PID=24382) to work on /opt/airflow/dags/dag_with_сron.py
[2024-09-12T05:58:10.134+0000] {processor.py:830} INFO - Processing file /opt/airflow/dags/dag_with_сron.py for tasks to queue
[2024-09-12T05:58:10.135+0000] {logging_mixin.py:188} INFO - [2024-09-12T05:58:10.135+0000] {dagbag.py:538} INFO - Filling up the DagBag from /opt/airflow/dags/dag_with_сron.py
[2024-09-12T05:58:10.169+0000] {processor.py:840} INFO - DAG(s) 'dag_with_cron_expr_v04' retrieved from /opt/airflow/dags/dag_with_сron.py
[2024-09-12T05:58:10.213+0000] {logging_mixin.py:188} INFO - [2024-09-12T05:58:10.212+0000] {dag.py:3036} INFO - Sync 1 DAGs
[2024-09-12T05:58:10.463+0000] {logging_mixin.py:188} INFO - [2024-09-12T05:58:10.463+0000] {dag.py:3823} INFO - Setting next_dagrun for dag_with_cron_expr_v04 to 2024-09-12 03:00:00+00:00, run_after=2024-09-17 03:00:00+00:00
[2024-09-12T05:58:10.498+0000] {processor.py:183} INFO - Processing /opt/airflow/dags/dag_with_сron.py took 0.370 seconds
[2024-09-12T05:58:40.903+0000] {processor.py:161} INFO - Started process (PID=24393) to work on /opt/airflow/dags/dag_with_сron.py
[2024-09-12T05:58:40.908+0000] {processor.py:830} INFO - Processing file /opt/airflow/dags/dag_with_сron.py for tasks to queue
[2024-09-12T05:58:40.912+0000] {logging_mixin.py:188} INFO - [2024-09-12T05:58:40.911+0000] {dagbag.py:538} INFO - Filling up the DagBag from /opt/airflow/dags/dag_with_сron.py
[2024-09-12T05:58:40.952+0000] {processor.py:840} INFO - DAG(s) 'dag_with_cron_expr_v04' retrieved from /opt/airflow/dags/dag_with_сron.py
[2024-09-12T05:58:41.246+0000] {logging_mixin.py:188} INFO - [2024-09-12T05:58:41.245+0000] {dag.py:3036} INFO - Sync 1 DAGs
[2024-09-12T05:58:41.314+0000] {logging_mixin.py:188} INFO - [2024-09-12T05:58:41.314+0000] {dag.py:3823} INFO - Setting next_dagrun for dag_with_cron_expr_v04 to 2024-09-12 03:00:00+00:00, run_after=2024-09-17 03:00:00+00:00
[2024-09-12T05:58:41.416+0000] {processor.py:183} INFO - Processing /opt/airflow/dags/dag_with_сron.py took 0.521 seconds
[2024-09-12T05:59:12.143+0000] {processor.py:161} INFO - Started process (PID=24404) to work on /opt/airflow/dags/dag_with_сron.py
[2024-09-12T05:59:12.145+0000] {processor.py:830} INFO - Processing file /opt/airflow/dags/dag_with_сron.py for tasks to queue
[2024-09-12T05:59:12.146+0000] {logging_mixin.py:188} INFO - [2024-09-12T05:59:12.146+0000] {dagbag.py:538} INFO - Filling up the DagBag from /opt/airflow/dags/dag_with_сron.py
[2024-09-12T05:59:12.181+0000] {processor.py:840} INFO - DAG(s) 'dag_with_cron_expr_v04' retrieved from /opt/airflow/dags/dag_with_сron.py
[2024-09-12T05:59:12.237+0000] {logging_mixin.py:188} INFO - [2024-09-12T05:59:12.237+0000] {dag.py:3036} INFO - Sync 1 DAGs
[2024-09-12T05:59:12.290+0000] {logging_mixin.py:188} INFO - [2024-09-12T05:59:12.290+0000] {dag.py:3823} INFO - Setting next_dagrun for dag_with_cron_expr_v04 to 2024-09-12 03:00:00+00:00, run_after=2024-09-17 03:00:00+00:00
[2024-09-12T05:59:12.328+0000] {processor.py:183} INFO - Processing /opt/airflow/dags/dag_with_сron.py took 0.190 seconds
[2024-09-12T05:59:43.078+0000] {processor.py:161} INFO - Started process (PID=24415) to work on /opt/airflow/dags/dag_with_сron.py
[2024-09-12T05:59:43.080+0000] {processor.py:830} INFO - Processing file /opt/airflow/dags/dag_with_сron.py for tasks to queue
[2024-09-12T05:59:43.082+0000] {logging_mixin.py:188} INFO - [2024-09-12T05:59:43.081+0000] {dagbag.py:538} INFO - Filling up the DagBag from /opt/airflow/dags/dag_with_сron.py
[2024-09-12T05:59:43.113+0000] {processor.py:840} INFO - DAG(s) 'dag_with_cron_expr_v04' retrieved from /opt/airflow/dags/dag_with_сron.py
[2024-09-12T05:59:43.153+0000] {logging_mixin.py:188} INFO - [2024-09-12T05:59:43.153+0000] {dag.py:3036} INFO - Sync 1 DAGs
[2024-09-12T05:59:43.192+0000] {logging_mixin.py:188} INFO - [2024-09-12T05:59:43.191+0000] {dag.py:3823} INFO - Setting next_dagrun for dag_with_cron_expr_v04 to 2024-09-12 03:00:00+00:00, run_after=2024-09-17 03:00:00+00:00
[2024-09-12T05:59:43.227+0000] {processor.py:183} INFO - Processing /opt/airflow/dags/dag_with_сron.py took 0.155 seconds
[2024-09-12T06:00:13.721+0000] {processor.py:161} INFO - Started process (PID=24426) to work on /opt/airflow/dags/dag_with_сron.py
[2024-09-12T06:00:13.723+0000] {processor.py:830} INFO - Processing file /opt/airflow/dags/dag_with_сron.py for tasks to queue
[2024-09-12T06:00:13.725+0000] {logging_mixin.py:188} INFO - [2024-09-12T06:00:13.724+0000] {dagbag.py:538} INFO - Filling up the DagBag from /opt/airflow/dags/dag_with_сron.py
[2024-09-12T06:00:13.760+0000] {processor.py:840} INFO - DAG(s) 'dag_with_cron_expr_v04' retrieved from /opt/airflow/dags/dag_with_сron.py
[2024-09-12T06:00:13.801+0000] {logging_mixin.py:188} INFO - [2024-09-12T06:00:13.800+0000] {dag.py:3036} INFO - Sync 1 DAGs
[2024-09-12T06:00:13.840+0000] {logging_mixin.py:188} INFO - [2024-09-12T06:00:13.839+0000] {dag.py:3823} INFO - Setting next_dagrun for dag_with_cron_expr_v04 to 2024-09-12 03:00:00+00:00, run_after=2024-09-17 03:00:00+00:00
[2024-09-12T06:00:14.052+0000] {processor.py:183} INFO - Processing /opt/airflow/dags/dag_with_сron.py took 0.338 seconds
[2024-09-12T06:00:44.932+0000] {processor.py:161} INFO - Started process (PID=24437) to work on /opt/airflow/dags/dag_with_сron.py
[2024-09-12T06:00:44.935+0000] {processor.py:830} INFO - Processing file /opt/airflow/dags/dag_with_сron.py for tasks to queue
[2024-09-12T06:00:44.938+0000] {logging_mixin.py:188} INFO - [2024-09-12T06:00:44.937+0000] {dagbag.py:538} INFO - Filling up the DagBag from /opt/airflow/dags/dag_with_сron.py
[2024-09-12T06:00:44.976+0000] {processor.py:840} INFO - DAG(s) 'dag_with_cron_expr_v04' retrieved from /opt/airflow/dags/dag_with_сron.py
[2024-09-12T06:00:45.020+0000] {logging_mixin.py:188} INFO - [2024-09-12T06:00:45.020+0000] {dag.py:3036} INFO - Sync 1 DAGs
[2024-09-12T06:00:45.259+0000] {logging_mixin.py:188} INFO - [2024-09-12T06:00:45.259+0000] {dag.py:3823} INFO - Setting next_dagrun for dag_with_cron_expr_v04 to 2024-09-12 03:00:00+00:00, run_after=2024-09-17 03:00:00+00:00
[2024-09-12T06:00:45.294+0000] {processor.py:183} INFO - Processing /opt/airflow/dags/dag_with_сron.py took 0.368 seconds
[2024-09-12T06:01:15.832+0000] {processor.py:161} INFO - Started process (PID=24448) to work on /opt/airflow/dags/dag_with_сron.py
[2024-09-12T06:01:15.835+0000] {processor.py:830} INFO - Processing file /opt/airflow/dags/dag_with_сron.py for tasks to queue
[2024-09-12T06:01:15.837+0000] {logging_mixin.py:188} INFO - [2024-09-12T06:01:15.837+0000] {dagbag.py:538} INFO - Filling up the DagBag from /opt/airflow/dags/dag_with_сron.py
[2024-09-12T06:01:15.875+0000] {processor.py:840} INFO - DAG(s) 'dag_with_cron_expr_v04' retrieved from /opt/airflow/dags/dag_with_сron.py
[2024-09-12T06:01:16.149+0000] {logging_mixin.py:188} INFO - [2024-09-12T06:01:16.149+0000] {dag.py:3036} INFO - Sync 1 DAGs
[2024-09-12T06:01:16.209+0000] {logging_mixin.py:188} INFO - [2024-09-12T06:01:16.209+0000] {dag.py:3823} INFO - Setting next_dagrun for dag_with_cron_expr_v04 to 2024-09-12 03:00:00+00:00, run_after=2024-09-17 03:00:00+00:00
[2024-09-12T06:01:16.255+0000] {processor.py:183} INFO - Processing /opt/airflow/dags/dag_with_сron.py took 0.429 seconds
[2024-09-12T06:01:46.420+0000] {processor.py:161} INFO - Started process (PID=24459) to work on /opt/airflow/dags/dag_with_сron.py
[2024-09-12T06:01:46.423+0000] {processor.py:830} INFO - Processing file /opt/airflow/dags/dag_with_сron.py for tasks to queue
[2024-09-12T06:01:46.427+0000] {logging_mixin.py:188} INFO - [2024-09-12T06:01:46.426+0000] {dagbag.py:538} INFO - Filling up the DagBag from /opt/airflow/dags/dag_with_сron.py
[2024-09-12T06:01:46.530+0000] {processor.py:840} INFO - DAG(s) 'dag_with_cron_expr_v04' retrieved from /opt/airflow/dags/dag_with_сron.py
[2024-09-12T06:01:46.721+0000] {logging_mixin.py:188} INFO - [2024-09-12T06:01:46.720+0000] {dag.py:3036} INFO - Sync 1 DAGs
[2024-09-12T06:01:46.947+0000] {logging_mixin.py:188} INFO - [2024-09-12T06:01:46.947+0000] {dag.py:3823} INFO - Setting next_dagrun for dag_with_cron_expr_v04 to 2024-09-12 03:00:00+00:00, run_after=2024-09-17 03:00:00+00:00
[2024-09-12T06:01:47.069+0000] {processor.py:183} INFO - Processing /opt/airflow/dags/dag_with_сron.py took 0.663 seconds
[2024-09-12T06:02:26.029+0000] {processor.py:161} INFO - Started process (PID=24470) to work on /opt/airflow/dags/dag_with_сron.py
[2024-09-12T06:02:26.110+0000] {processor.py:830} INFO - Processing file /opt/airflow/dags/dag_with_сron.py for tasks to queue
[2024-09-12T06:02:26.166+0000] {logging_mixin.py:188} INFO - [2024-09-12T06:02:26.165+0000] {dagbag.py:538} INFO - Filling up the DagBag from /opt/airflow/dags/dag_with_сron.py
[2024-09-12T06:02:28.675+0000] {processor.py:840} INFO - DAG(s) 'dag_with_cron_expr_v04' retrieved from /opt/airflow/dags/dag_with_сron.py
[2024-09-12T06:02:28.978+0000] {logging_mixin.py:188} INFO - [2024-09-12T06:02:28.977+0000] {dag.py:3036} INFO - Sync 1 DAGs
[2024-09-12T06:02:29.285+0000] {logging_mixin.py:188} INFO - [2024-09-12T06:02:29.284+0000] {dag.py:3823} INFO - Setting next_dagrun for dag_with_cron_expr_v04 to 2024-09-12 03:00:00+00:00, run_after=2024-09-17 03:00:00+00:00
[2024-09-12T06:02:29.655+0000] {processor.py:183} INFO - Processing /opt/airflow/dags/dag_with_сron.py took 3.659 seconds
[2024-09-12T06:03:04.798+0000] {processor.py:161} INFO - Started process (PID=24481) to work on /opt/airflow/dags/dag_with_сron.py
[2024-09-12T06:03:04.814+0000] {processor.py:830} INFO - Processing file /opt/airflow/dags/dag_with_сron.py for tasks to queue
[2024-09-12T06:03:04.861+0000] {logging_mixin.py:188} INFO - [2024-09-12T06:03:04.859+0000] {dagbag.py:538} INFO - Filling up the DagBag from /opt/airflow/dags/dag_with_сron.py
[2024-09-12T06:03:08.961+0000] {processor.py:840} INFO - DAG(s) 'dag_with_cron_expr_v04' retrieved from /opt/airflow/dags/dag_with_сron.py
[2024-09-12T06:03:09.348+0000] {logging_mixin.py:188} INFO - [2024-09-12T06:03:09.347+0000] {dag.py:3036} INFO - Sync 1 DAGs
[2024-09-12T06:03:09.697+0000] {logging_mixin.py:188} INFO - [2024-09-12T06:03:09.696+0000] {dag.py:3823} INFO - Setting next_dagrun for dag_with_cron_expr_v04 to 2024-09-12 03:00:00+00:00, run_after=2024-09-17 03:00:00+00:00
[2024-09-12T06:03:10.535+0000] {processor.py:183} INFO - Processing /opt/airflow/dags/dag_with_сron.py took 5.774 seconds
[2024-09-12T06:03:45.477+0000] {processor.py:161} INFO - Started process (PID=24496) to work on /opt/airflow/dags/dag_with_сron.py
[2024-09-12T06:03:45.702+0000] {processor.py:830} INFO - Processing file /opt/airflow/dags/dag_with_сron.py for tasks to queue
[2024-09-12T06:03:45.800+0000] {logging_mixin.py:188} INFO - [2024-09-12T06:03:45.799+0000] {dagbag.py:538} INFO - Filling up the DagBag from /opt/airflow/dags/dag_with_сron.py
[2024-09-12T06:03:48.914+0000] {processor.py:840} INFO - DAG(s) 'dag_with_cron_expr_v04' retrieved from /opt/airflow/dags/dag_with_сron.py
[2024-09-12T06:03:49.287+0000] {logging_mixin.py:188} INFO - [2024-09-12T06:03:49.286+0000] {dag.py:3036} INFO - Sync 1 DAGs
[2024-09-12T06:03:49.921+0000] {logging_mixin.py:188} INFO - [2024-09-12T06:03:49.908+0000] {dag.py:3823} INFO - Setting next_dagrun for dag_with_cron_expr_v04 to 2024-09-12 03:00:00+00:00, run_after=2024-09-17 03:00:00+00:00
[2024-09-12T06:03:53.984+0000] {processor.py:183} INFO - Processing /opt/airflow/dags/dag_with_сron.py took 8.596 seconds
[2024-09-12T06:04:28.029+0000] {processor.py:161} INFO - Started process (PID=24507) to work on /opt/airflow/dags/dag_with_сron.py
[2024-09-12T06:04:28.173+0000] {processor.py:830} INFO - Processing file /opt/airflow/dags/dag_with_сron.py for tasks to queue
[2024-09-12T06:04:28.229+0000] {logging_mixin.py:188} INFO - [2024-09-12T06:04:28.228+0000] {dagbag.py:538} INFO - Filling up the DagBag from /opt/airflow/dags/dag_with_сron.py
[2024-09-12T06:04:30.040+0000] {processor.py:840} INFO - DAG(s) 'dag_with_cron_expr_v04' retrieved from /opt/airflow/dags/dag_with_сron.py
[2024-09-12T06:04:30.364+0000] {logging_mixin.py:188} INFO - [2024-09-12T06:04:30.363+0000] {dag.py:3036} INFO - Sync 1 DAGs
[2024-09-12T06:04:32.182+0000] {logging_mixin.py:188} INFO - [2024-09-12T06:04:32.182+0000] {dag.py:3823} INFO - Setting next_dagrun for dag_with_cron_expr_v04 to 2024-09-12 03:00:00+00:00, run_after=2024-09-17 03:00:00+00:00
[2024-09-12T06:04:32.568+0000] {processor.py:183} INFO - Processing /opt/airflow/dags/dag_with_сron.py took 4.619 seconds
[2024-09-12T06:05:08.063+0000] {processor.py:161} INFO - Started process (PID=24518) to work on /opt/airflow/dags/dag_with_сron.py
[2024-09-12T06:05:08.090+0000] {processor.py:830} INFO - Processing file /opt/airflow/dags/dag_with_сron.py for tasks to queue
[2024-09-12T06:05:08.106+0000] {logging_mixin.py:188} INFO - [2024-09-12T06:05:08.105+0000] {dagbag.py:538} INFO - Filling up the DagBag from /opt/airflow/dags/dag_with_сron.py
[2024-09-12T06:05:08.550+0000] {processor.py:840} INFO - DAG(s) 'dag_with_cron_expr_v04' retrieved from /opt/airflow/dags/dag_with_сron.py
[2024-09-12T06:05:08.866+0000] {logging_mixin.py:188} INFO - [2024-09-12T06:05:08.866+0000] {dag.py:3036} INFO - Sync 1 DAGs
[2024-09-12T06:05:10.407+0000] {logging_mixin.py:188} INFO - [2024-09-12T06:05:10.406+0000] {dag.py:3823} INFO - Setting next_dagrun for dag_with_cron_expr_v04 to 2024-09-12 03:00:00+00:00, run_after=2024-09-17 03:00:00+00:00
[2024-09-12T06:05:10.857+0000] {processor.py:183} INFO - Processing /opt/airflow/dags/dag_with_сron.py took 2.847 seconds
[2024-09-12T06:05:45.502+0000] {processor.py:161} INFO - Started process (PID=24535) to work on /opt/airflow/dags/dag_with_сron.py
[2024-09-12T06:05:45.557+0000] {processor.py:830} INFO - Processing file /opt/airflow/dags/dag_with_сron.py for tasks to queue
[2024-09-12T06:05:45.616+0000] {logging_mixin.py:188} INFO - [2024-09-12T06:05:45.615+0000] {dagbag.py:538} INFO - Filling up the DagBag from /opt/airflow/dags/dag_with_сron.py
[2024-09-12T06:05:48.367+0000] {processor.py:840} INFO - DAG(s) 'dag_with_cron_expr_v04' retrieved from /opt/airflow/dags/dag_with_сron.py
[2024-09-12T06:05:48.796+0000] {logging_mixin.py:188} INFO - [2024-09-12T06:05:48.796+0000] {dag.py:3036} INFO - Sync 1 DAGs
[2024-09-12T06:05:51.090+0000] {logging_mixin.py:188} INFO - [2024-09-12T06:05:51.078+0000] {dag.py:3823} INFO - Setting next_dagrun for dag_with_cron_expr_v04 to 2024-09-12 03:00:00+00:00, run_after=2024-09-17 03:00:00+00:00
[2024-09-12T06:05:52.118+0000] {processor.py:183} INFO - Processing /opt/airflow/dags/dag_with_сron.py took 6.648 seconds
[2024-09-12T06:06:26.027+0000] {processor.py:161} INFO - Started process (PID=24547) to work on /opt/airflow/dags/dag_with_сron.py
[2024-09-12T06:06:26.072+0000] {processor.py:830} INFO - Processing file /opt/airflow/dags/dag_with_сron.py for tasks to queue
[2024-09-12T06:06:26.138+0000] {logging_mixin.py:188} INFO - [2024-09-12T06:06:26.136+0000] {dagbag.py:538} INFO - Filling up the DagBag from /opt/airflow/dags/dag_with_сron.py
[2024-09-12T06:06:29.832+0000] {processor.py:840} INFO - DAG(s) 'dag_with_cron_expr_v04' retrieved from /opt/airflow/dags/dag_with_сron.py
[2024-09-12T06:06:32.322+0000] {logging_mixin.py:188} INFO - [2024-09-12T06:06:32.322+0000] {dag.py:3036} INFO - Sync 1 DAGs
[2024-09-12T06:06:32.700+0000] {logging_mixin.py:188} INFO - [2024-09-12T06:06:32.699+0000] {dag.py:3823} INFO - Setting next_dagrun for dag_with_cron_expr_v04 to 2024-09-12 03:00:00+00:00, run_after=2024-09-17 03:00:00+00:00
[2024-09-12T06:06:33.407+0000] {processor.py:183} INFO - Processing /opt/airflow/dags/dag_with_сron.py took 7.433 seconds
[2024-09-12T06:07:10.381+0000] {processor.py:161} INFO - Started process (PID=24557) to work on /opt/airflow/dags/dag_with_сron.py
[2024-09-12T06:07:10.452+0000] {processor.py:830} INFO - Processing file /opt/airflow/dags/dag_with_сron.py for tasks to queue
[2024-09-12T06:07:10.484+0000] {logging_mixin.py:188} INFO - [2024-09-12T06:07:10.482+0000] {dagbag.py:538} INFO - Filling up the DagBag from /opt/airflow/dags/dag_with_сron.py
[2024-09-12T06:07:14.283+0000] {processor.py:840} INFO - DAG(s) 'dag_with_cron_expr_v04' retrieved from /opt/airflow/dags/dag_with_сron.py
[2024-09-12T06:07:14.597+0000] {logging_mixin.py:188} INFO - [2024-09-12T06:07:14.596+0000] {dag.py:3036} INFO - Sync 1 DAGs
[2024-09-12T06:07:14.950+0000] {logging_mixin.py:188} INFO - [2024-09-12T06:07:14.949+0000] {dag.py:3823} INFO - Setting next_dagrun for dag_with_cron_expr_v04 to 2024-09-12 03:00:00+00:00, run_after=2024-09-17 03:00:00+00:00
[2024-09-12T06:07:15.583+0000] {processor.py:183} INFO - Processing /opt/airflow/dags/dag_with_сron.py took 5.270 seconds
[2024-09-12T06:07:53.347+0000] {processor.py:161} INFO - Started process (PID=24575) to work on /opt/airflow/dags/dag_with_сron.py
[2024-09-12T06:07:53.444+0000] {processor.py:830} INFO - Processing file /opt/airflow/dags/dag_with_сron.py for tasks to queue
[2024-09-12T06:07:53.525+0000] {logging_mixin.py:188} INFO - [2024-09-12T06:07:53.493+0000] {dagbag.py:538} INFO - Filling up the DagBag from /opt/airflow/dags/dag_with_сron.py
[2024-09-12T06:07:57.965+0000] {processor.py:840} INFO - DAG(s) 'dag_with_cron_expr_v04' retrieved from /opt/airflow/dags/dag_with_сron.py
[2024-09-12T06:07:58.502+0000] {logging_mixin.py:188} INFO - [2024-09-12T06:07:58.490+0000] {dag.py:3036} INFO - Sync 1 DAGs
[2024-09-12T06:07:59.082+0000] {logging_mixin.py:188} INFO - [2024-09-12T06:07:59.081+0000] {dag.py:3823} INFO - Setting next_dagrun for dag_with_cron_expr_v04 to 2024-09-12 03:00:00+00:00, run_after=2024-09-17 03:00:00+00:00
[2024-09-12T06:07:59.976+0000] {processor.py:183} INFO - Processing /opt/airflow/dags/dag_with_сron.py took 6.664 seconds
[2024-09-12T06:08:32.109+0000] {processor.py:161} INFO - Started process (PID=24586) to work on /opt/airflow/dags/dag_with_сron.py
[2024-09-12T06:08:32.143+0000] {processor.py:830} INFO - Processing file /opt/airflow/dags/dag_with_сron.py for tasks to queue
[2024-09-12T06:08:32.187+0000] {logging_mixin.py:188} INFO - [2024-09-12T06:08:32.186+0000] {dagbag.py:538} INFO - Filling up the DagBag from /opt/airflow/dags/dag_with_сron.py
[2024-09-12T06:08:33.937+0000] {processor.py:840} INFO - DAG(s) 'dag_with_cron_expr_v04' retrieved from /opt/airflow/dags/dag_with_сron.py
[2024-09-12T06:08:34.284+0000] {logging_mixin.py:188} INFO - [2024-09-12T06:08:34.283+0000] {dag.py:3036} INFO - Sync 1 DAGs
[2024-09-12T06:08:34.641+0000] {logging_mixin.py:188} INFO - [2024-09-12T06:08:34.640+0000] {dag.py:3823} INFO - Setting next_dagrun for dag_with_cron_expr_v04 to 2024-09-12 03:00:00+00:00, run_after=2024-09-17 03:00:00+00:00
[2024-09-12T06:08:34.949+0000] {processor.py:183} INFO - Processing /opt/airflow/dags/dag_with_сron.py took 2.860 seconds
[2024-09-12T06:09:09.322+0000] {processor.py:161} INFO - Started process (PID=24597) to work on /opt/airflow/dags/dag_with_сron.py
[2024-09-12T06:09:09.498+0000] {processor.py:830} INFO - Processing file /opt/airflow/dags/dag_with_сron.py for tasks to queue
[2024-09-12T06:09:09.556+0000] {logging_mixin.py:188} INFO - [2024-09-12T06:09:09.552+0000] {dagbag.py:538} INFO - Filling up the DagBag from /opt/airflow/dags/dag_with_сron.py
[2024-09-12T06:09:13.019+0000] {processor.py:840} INFO - DAG(s) 'dag_with_cron_expr_v04' retrieved from /opt/airflow/dags/dag_with_сron.py
[2024-09-12T06:09:13.881+0000] {logging_mixin.py:188} INFO - [2024-09-12T06:09:13.881+0000] {dag.py:3036} INFO - Sync 1 DAGs
[2024-09-12T06:09:14.352+0000] {logging_mixin.py:188} INFO - [2024-09-12T06:09:14.351+0000] {dag.py:3823} INFO - Setting next_dagrun for dag_with_cron_expr_v04 to 2024-09-12 03:00:00+00:00, run_after=2024-09-17 03:00:00+00:00
[2024-09-12T06:09:17.507+0000] {processor.py:183} INFO - Processing /opt/airflow/dags/dag_with_сron.py took 8.225 seconds
[2024-09-12T06:09:54.206+0000] {processor.py:161} INFO - Started process (PID=24614) to work on /opt/airflow/dags/dag_with_сron.py
[2024-09-12T06:09:54.301+0000] {processor.py:830} INFO - Processing file /opt/airflow/dags/dag_with_сron.py for tasks to queue
[2024-09-12T06:09:54.405+0000] {logging_mixin.py:188} INFO - [2024-09-12T06:09:54.404+0000] {dagbag.py:538} INFO - Filling up the DagBag from /opt/airflow/dags/dag_with_сron.py
[2024-09-12T06:09:56.901+0000] {processor.py:840} INFO - DAG(s) 'dag_with_cron_expr_v04' retrieved from /opt/airflow/dags/dag_with_сron.py
[2024-09-12T06:09:57.345+0000] {logging_mixin.py:188} INFO - [2024-09-12T06:09:57.344+0000] {dag.py:3036} INFO - Sync 1 DAGs
[2024-09-12T06:09:58.925+0000] {logging_mixin.py:188} INFO - [2024-09-12T06:09:58.924+0000] {dag.py:3823} INFO - Setting next_dagrun for dag_with_cron_expr_v04 to 2024-09-12 03:00:00+00:00, run_after=2024-09-17 03:00:00+00:00
[2024-09-12T06:09:59.335+0000] {processor.py:183} INFO - Processing /opt/airflow/dags/dag_with_сron.py took 5.153 seconds
[2024-09-12T06:10:31.446+0000] {processor.py:161} INFO - Started process (PID=24624) to work on /opt/airflow/dags/dag_with_сron.py
[2024-09-12T06:10:31.501+0000] {processor.py:830} INFO - Processing file /opt/airflow/dags/dag_with_сron.py for tasks to queue
[2024-09-12T06:10:31.561+0000] {logging_mixin.py:188} INFO - [2024-09-12T06:10:31.559+0000] {dagbag.py:538} INFO - Filling up the DagBag from /opt/airflow/dags/dag_with_сron.py
[2024-09-12T06:10:34.089+0000] {processor.py:840} INFO - DAG(s) 'dag_with_cron_expr_v04' retrieved from /opt/airflow/dags/dag_with_сron.py
[2024-09-12T06:10:34.300+0000] {logging_mixin.py:188} INFO - [2024-09-12T06:10:34.300+0000] {dag.py:3036} INFO - Sync 1 DAGs
[2024-09-12T06:10:35.409+0000] {logging_mixin.py:188} INFO - [2024-09-12T06:10:35.408+0000] {dag.py:3823} INFO - Setting next_dagrun for dag_with_cron_expr_v04 to 2024-09-12 03:00:00+00:00, run_after=2024-09-17 03:00:00+00:00
[2024-09-12T06:10:35.558+0000] {processor.py:183} INFO - Processing /opt/airflow/dags/dag_with_сron.py took 4.130 seconds
[2024-09-12T06:11:07.983+0000] {processor.py:161} INFO - Started process (PID=24636) to work on /opt/airflow/dags/dag_with_сron.py
[2024-09-12T06:11:08.040+0000] {processor.py:830} INFO - Processing file /opt/airflow/dags/dag_with_сron.py for tasks to queue
[2024-09-12T06:11:08.060+0000] {logging_mixin.py:188} INFO - [2024-09-12T06:11:08.059+0000] {dagbag.py:538} INFO - Filling up the DagBag from /opt/airflow/dags/dag_with_сron.py
[2024-09-12T06:11:09.373+0000] {processor.py:840} INFO - DAG(s) 'dag_with_cron_expr_v04' retrieved from /opt/airflow/dags/dag_with_сron.py
[2024-09-12T06:11:09.590+0000] {logging_mixin.py:188} INFO - [2024-09-12T06:11:09.579+0000] {dag.py:3036} INFO - Sync 1 DAGs
[2024-09-12T06:11:10.678+0000] {logging_mixin.py:188} INFO - [2024-09-12T06:11:10.677+0000] {dag.py:3823} INFO - Setting next_dagrun for dag_with_cron_expr_v04 to 2024-09-12 03:00:00+00:00, run_after=2024-09-17 03:00:00+00:00
[2024-09-12T06:11:10.877+0000] {processor.py:183} INFO - Processing /opt/airflow/dags/dag_with_сron.py took 2.872 seconds
[2024-09-12T06:11:43.194+0000] {processor.py:161} INFO - Started process (PID=24647) to work on /opt/airflow/dags/dag_with_сron.py
[2024-09-12T06:11:43.222+0000] {processor.py:830} INFO - Processing file /opt/airflow/dags/dag_with_сron.py for tasks to queue
[2024-09-12T06:11:43.240+0000] {logging_mixin.py:188} INFO - [2024-09-12T06:11:43.239+0000] {dagbag.py:538} INFO - Filling up the DagBag from /opt/airflow/dags/dag_with_сron.py
[2024-09-12T06:11:44.705+0000] {processor.py:840} INFO - DAG(s) 'dag_with_cron_expr_v04' retrieved from /opt/airflow/dags/dag_with_сron.py
[2024-09-12T06:11:45.893+0000] {logging_mixin.py:188} INFO - [2024-09-12T06:11:45.893+0000] {dag.py:3036} INFO - Sync 1 DAGs
[2024-09-12T06:11:46.140+0000] {logging_mixin.py:188} INFO - [2024-09-12T06:11:46.140+0000] {dag.py:3823} INFO - Setting next_dagrun for dag_with_cron_expr_v04 to 2024-09-12 03:00:00+00:00, run_after=2024-09-17 03:00:00+00:00
[2024-09-12T06:11:46.480+0000] {processor.py:183} INFO - Processing /opt/airflow/dags/dag_with_сron.py took 3.306 seconds
[2024-09-12T06:12:20.267+0000] {processor.py:161} INFO - Started process (PID=24664) to work on /opt/airflow/dags/dag_with_сron.py
[2024-09-12T06:12:20.344+0000] {processor.py:830} INFO - Processing file /opt/airflow/dags/dag_with_сron.py for tasks to queue
[2024-09-12T06:12:20.414+0000] {logging_mixin.py:188} INFO - [2024-09-12T06:12:20.413+0000] {dagbag.py:538} INFO - Filling up the DagBag from /opt/airflow/dags/dag_with_сron.py
[2024-09-12T06:12:22.949+0000] {processor.py:840} INFO - DAG(s) 'dag_with_cron_expr_v04' retrieved from /opt/airflow/dags/dag_with_сron.py
[2024-09-12T06:12:23.948+0000] {logging_mixin.py:188} INFO - [2024-09-12T06:12:23.948+0000] {dag.py:3036} INFO - Sync 1 DAGs
[2024-09-12T06:12:24.152+0000] {logging_mixin.py:188} INFO - [2024-09-12T06:12:24.151+0000] {dag.py:3823} INFO - Setting next_dagrun for dag_with_cron_expr_v04 to 2024-09-12 03:00:00+00:00, run_after=2024-09-17 03:00:00+00:00
[2024-09-12T06:12:24.352+0000] {processor.py:183} INFO - Processing /opt/airflow/dags/dag_with_сron.py took 4.105 seconds
[2024-09-12T06:12:57.966+0000] {processor.py:161} INFO - Started process (PID=24675) to work on /opt/airflow/dags/dag_with_сron.py
[2024-09-12T06:12:58.001+0000] {processor.py:830} INFO - Processing file /opt/airflow/dags/dag_with_сron.py for tasks to queue
[2024-09-12T06:12:58.029+0000] {logging_mixin.py:188} INFO - [2024-09-12T06:12:58.028+0000] {dagbag.py:538} INFO - Filling up the DagBag from /opt/airflow/dags/dag_with_сron.py
[2024-09-12T06:13:00.343+0000] {processor.py:840} INFO - DAG(s) 'dag_with_cron_expr_v04' retrieved from /opt/airflow/dags/dag_with_сron.py
[2024-09-12T06:13:00.541+0000] {logging_mixin.py:188} INFO - [2024-09-12T06:13:00.540+0000] {dag.py:3036} INFO - Sync 1 DAGs
[2024-09-12T06:13:00.772+0000] {logging_mixin.py:188} INFO - [2024-09-12T06:13:00.771+0000] {dag.py:3823} INFO - Setting next_dagrun for dag_with_cron_expr_v04 to 2024-09-12 03:00:00+00:00, run_after=2024-09-17 03:00:00+00:00
[2024-09-12T06:13:01.047+0000] {processor.py:183} INFO - Processing /opt/airflow/dags/dag_with_сron.py took 3.095 seconds
[2024-09-12T06:13:37.583+0000] {processor.py:161} INFO - Started process (PID=24686) to work on /opt/airflow/dags/dag_with_сron.py
[2024-09-12T06:13:37.606+0000] {processor.py:830} INFO - Processing file /opt/airflow/dags/dag_with_сron.py for tasks to queue
[2024-09-12T06:13:37.651+0000] {logging_mixin.py:188} INFO - [2024-09-12T06:13:37.650+0000] {dagbag.py:538} INFO - Filling up the DagBag from /opt/airflow/dags/dag_with_сron.py
[2024-09-12T06:13:39.160+0000] {processor.py:840} INFO - DAG(s) 'dag_with_cron_expr_v04' retrieved from /opt/airflow/dags/dag_with_сron.py
[2024-09-12T06:13:39.549+0000] {logging_mixin.py:188} INFO - [2024-09-12T06:13:39.538+0000] {dag.py:3036} INFO - Sync 1 DAGs
[2024-09-12T06:13:39.922+0000] {logging_mixin.py:188} INFO - [2024-09-12T06:13:39.921+0000] {dag.py:3823} INFO - Setting next_dagrun for dag_with_cron_expr_v04 to 2024-09-12 03:00:00+00:00, run_after=2024-09-17 03:00:00+00:00
[2024-09-12T06:13:40.105+0000] {processor.py:183} INFO - Processing /opt/airflow/dags/dag_with_сron.py took 2.534 seconds
[2024-09-12T06:14:13.326+0000] {processor.py:161} INFO - Started process (PID=24697) to work on /opt/airflow/dags/dag_with_сron.py
[2024-09-12T06:14:13.498+0000] {processor.py:830} INFO - Processing file /opt/airflow/dags/dag_with_сron.py for tasks to queue
[2024-09-12T06:14:13.560+0000] {logging_mixin.py:188} INFO - [2024-09-12T06:14:13.559+0000] {dagbag.py:538} INFO - Filling up the DagBag from /opt/airflow/dags/dag_with_сron.py
[2024-09-12T06:14:16.619+0000] {processor.py:840} INFO - DAG(s) 'dag_with_cron_expr_v04' retrieved from /opt/airflow/dags/dag_with_сron.py
[2024-09-12T06:14:16.897+0000] {logging_mixin.py:188} INFO - [2024-09-12T06:14:16.896+0000] {dag.py:3036} INFO - Sync 1 DAGs
[2024-09-12T06:14:17.233+0000] {logging_mixin.py:188} INFO - [2024-09-12T06:14:17.232+0000] {dag.py:3823} INFO - Setting next_dagrun for dag_with_cron_expr_v04 to 2024-09-12 03:00:00+00:00, run_after=2024-09-17 03:00:00+00:00
[2024-09-12T06:14:17.520+0000] {processor.py:183} INFO - Processing /opt/airflow/dags/dag_with_сron.py took 4.212 seconds
[2024-09-12T06:14:57.898+0000] {processor.py:161} INFO - Started process (PID=24715) to work on /opt/airflow/dags/dag_with_сron.py
[2024-09-12T06:14:58.081+0000] {processor.py:830} INFO - Processing file /opt/airflow/dags/dag_with_сron.py for tasks to queue
[2024-09-12T06:14:58.239+0000] {logging_mixin.py:188} INFO - [2024-09-12T06:14:58.238+0000] {dagbag.py:538} INFO - Filling up the DagBag from /opt/airflow/dags/dag_with_сron.py
[2024-09-12T06:15:02.971+0000] {processor.py:840} INFO - DAG(s) 'dag_with_cron_expr_v04' retrieved from /opt/airflow/dags/dag_with_сron.py
[2024-09-12T06:15:03.274+0000] {logging_mixin.py:188} INFO - [2024-09-12T06:15:03.274+0000] {dag.py:3036} INFO - Sync 1 DAGs
[2024-09-12T06:15:03.935+0000] {logging_mixin.py:188} INFO - [2024-09-12T06:15:03.934+0000] {dag.py:3823} INFO - Setting next_dagrun for dag_with_cron_expr_v04 to 2024-09-12 03:00:00+00:00, run_after=2024-09-17 03:00:00+00:00
[2024-09-12T06:15:04.316+0000] {processor.py:183} INFO - Processing /opt/airflow/dags/dag_with_сron.py took 6.438 seconds
[2024-09-12T06:15:45.503+0000] {processor.py:161} INFO - Started process (PID=24727) to work on /opt/airflow/dags/dag_with_сron.py
[2024-09-12T06:15:45.543+0000] {processor.py:830} INFO - Processing file /opt/airflow/dags/dag_with_сron.py for tasks to queue
[2024-09-12T06:15:45.566+0000] {logging_mixin.py:188} INFO - [2024-09-12T06:15:45.565+0000] {dagbag.py:538} INFO - Filling up the DagBag from /opt/airflow/dags/dag_with_сron.py
[2024-09-12T06:15:46.459+0000] {processor.py:840} INFO - DAG(s) 'dag_with_cron_expr_v04' retrieved from /opt/airflow/dags/dag_with_сron.py
[2024-09-12T06:15:46.756+0000] {logging_mixin.py:188} INFO - [2024-09-12T06:15:46.756+0000] {dag.py:3036} INFO - Sync 1 DAGs
[2024-09-12T06:15:47.016+0000] {logging_mixin.py:188} INFO - [2024-09-12T06:15:47.015+0000] {dag.py:3823} INFO - Setting next_dagrun for dag_with_cron_expr_v04 to 2024-09-12 03:00:00+00:00, run_after=2024-09-17 03:00:00+00:00
[2024-09-12T06:15:47.240+0000] {processor.py:183} INFO - Processing /opt/airflow/dags/dag_with_сron.py took 1.755 seconds
[2024-09-12T06:16:18.144+0000] {processor.py:161} INFO - Started process (PID=24738) to work on /opt/airflow/dags/dag_with_сron.py
[2024-09-12T06:16:18.148+0000] {processor.py:830} INFO - Processing file /opt/airflow/dags/dag_with_сron.py for tasks to queue
[2024-09-12T06:16:18.159+0000] {logging_mixin.py:188} INFO - [2024-09-12T06:16:18.150+0000] {dagbag.py:538} INFO - Filling up the DagBag from /opt/airflow/dags/dag_with_сron.py
[2024-09-12T06:16:18.258+0000] {processor.py:840} INFO - DAG(s) 'dag_with_cron_expr_v04' retrieved from /opt/airflow/dags/dag_with_сron.py
[2024-09-12T06:16:18.436+0000] {logging_mixin.py:188} INFO - [2024-09-12T06:16:18.435+0000] {dag.py:3036} INFO - Sync 1 DAGs
[2024-09-12T06:16:18.643+0000] {logging_mixin.py:188} INFO - [2024-09-12T06:16:18.642+0000] {dag.py:3823} INFO - Setting next_dagrun for dag_with_cron_expr_v04 to 2024-09-12 03:00:00+00:00, run_after=2024-09-17 03:00:00+00:00
[2024-09-12T06:16:18.831+0000] {processor.py:183} INFO - Processing /opt/airflow/dags/dag_with_сron.py took 0.708 seconds
[2024-09-12T06:16:53.377+0000] {processor.py:161} INFO - Started process (PID=24749) to work on /opt/airflow/dags/dag_with_сron.py
[2024-09-12T06:16:53.454+0000] {processor.py:830} INFO - Processing file /opt/airflow/dags/dag_with_сron.py for tasks to queue
[2024-09-12T06:16:53.486+0000] {logging_mixin.py:188} INFO - [2024-09-12T06:16:53.485+0000] {dagbag.py:538} INFO - Filling up the DagBag from /opt/airflow/dags/dag_with_сron.py
[2024-09-12T06:16:55.686+0000] {processor.py:840} INFO - DAG(s) 'dag_with_cron_expr_v04' retrieved from /opt/airflow/dags/dag_with_сron.py
[2024-09-12T06:16:55.895+0000] {logging_mixin.py:188} INFO - [2024-09-12T06:16:55.884+0000] {dag.py:3036} INFO - Sync 1 DAGs
[2024-09-12T06:16:56.218+0000] {logging_mixin.py:188} INFO - [2024-09-12T06:16:56.217+0000] {dag.py:3823} INFO - Setting next_dagrun for dag_with_cron_expr_v04 to 2024-09-12 03:00:00+00:00, run_after=2024-09-17 03:00:00+00:00
[2024-09-12T06:16:56.466+0000] {processor.py:183} INFO - Processing /opt/airflow/dags/dag_with_сron.py took 3.108 seconds
